<?xml version="1.0" encoding="UTF-8"?>
<!-- Generated by org.testng.reporters.JUnitReportReporter -->
<testsuite hostname="LAPTOP-SABMBR64" failures="0" tests="1" name="Rest.Spicejet.Jet" time="585.484" errors="0" timestamp="2020-11-22T13:59:00 IST" skipped="0">
  <testcase classname="Rest.Spicejet.Jet" name="journey" time="585.484"/>
  <system-out/>
</testsuite> <!-- Rest.Spicejet.Jet -->
